<?xml version="1.0" encoding="UTF-8"?>
<!-- Generated by org.testng.reporters.JUnitReportReporter -->
<testsuite skipped="0" hostname="LAPTOP-2FLT7BN7" name="com.tcs.testCases.LoginTest" tests="1" failures="0" timestamp="2022-06-03T17:55:10 PDT" time="5.427" errors="0">
  <testcase name="testLogin" time="5.427" classname="com.tcs.testCases.LoginTest"/>
  <system-out>
    <![CDATA[Actual Url: Autocrib :: AutoCrib :: Home  ExpUrl: Autocrib :: AutoCrib :: Home User loggin successfully]]>
  </system-out>
</testsuite> <!-- com.tcs.testCases.LoginTest -->
