<?xml version="1.0" encoding="UTF-8"?>
<!-- Generated by org.testng.reporters.JUnitReportReporter -->
<testsuite skipped="0" hostname="LAPTOP-2FLT7BN7" name="com.tcs.testCases.LoginTest" tests="1" failures="0" timestamp="2022-05-29T23:35:23 PDT" time="4.089" errors="0">
  <testcase name="testLogin" time="4.089" classname="com.tcs.testCases.LoginTest"/>
  <system-out/>
</testsuite> <!-- com.tcs.testCases.LoginTest -->
